Listening for transport dt_socket at address: 8000
[INFO] Scanning for projects...
[INFO] 
[INFO] ------------< org.apache.maven.its.dependency:tree-verbose >------------
[INFO] Building VerboseTest 1.0-SNAPSHOT
[INFO] --------------------------------[ jar ]---------------------------------
[INFO] 
[INFO] --- maven-clean-plugin:2.5:clean (default-clean) @ tree-verbose ---
[INFO] Deleting C:\Users\ianla\Maven\cloud-opensource-java\verboseTree-maven-plugin\target\its\tree-verbose\target
[INFO] 
[INFO] --- verboseTree-maven-plugin:1.1-SNAPSHOT:tree (default-cli) @ tree-verbose ---
[WARNING] Error injecting: org.apache.maven.dependency.graph.DependencyGraphBuilder
java.lang.NoClassDefFoundError: Lcom/google/common/collect/ImmutableList;
    at java.lang.Class.getDeclaredFields0 (Native Method)
    at java.lang.Class.privateGetDeclaredFields (Class.java:2583)
    at java.lang.Class.getDeclaredFields (Class.java:1916)
    at com.google.inject.spi.InjectionPoint.getDeclaredFields (InjectionPoint.java:760)
    at com.google.inject.spi.InjectionPoint.getInjectionPoints (InjectionPoint.java:670)
    at com.google.inject.spi.InjectionPoint.forInstanceMethodsAndFields (InjectionPoint.java:378)
    at com.google.inject.internal.ConstructorBindingImpl.getInternalDependencies (ConstructorBindingImpl.java:182)
    at com.google.inject.internal.InjectorImpl.getInternalDependencies (InjectorImpl.java:661)
    at com.google.inject.internal.InjectorImpl.cleanup (InjectorImpl.java:617)
    at com.google.inject.internal.InjectorImpl.initializeJitBinding (InjectorImpl.java:603)
    at com.google.inject.internal.InjectorImpl.createJustInTimeBinding (InjectorImpl.java:932)
    at com.google.inject.internal.InjectorImpl.createJustInTimeBindingRecursive (InjectorImpl.java:852)
    at com.google.inject.internal.InjectorImpl.getJustInTimeBinding (InjectorImpl.java:291)
    at com.google.inject.internal.InjectorImpl.getBindingOrThrow (InjectorImpl.java:222)
    at com.google.inject.internal.InjectorImpl.getProviderOrThrow (InjectorImpl.java:1040)
    at com.google.inject.internal.InjectorImpl.getProvider (InjectorImpl.java:1071)
    at com.google.inject.internal.InjectorImpl.getProvider (InjectorImpl.java:1034)
    at com.google.inject.internal.InjectorImpl.getInstance (InjectorImpl.java:1086)
    at org.eclipse.sisu.space.AbstractDeferredClass.get (AbstractDeferredClass.java:48)
    at com.google.inject.internal.ProviderInternalFactory.provision (ProviderInternalFactory.java:85)
    at com.google.inject.internal.InternalFactoryToInitializableAdapter.provision (InternalFactoryToInitializableAdapter.java:57)
    at com.google.inject.internal.ProviderInternalFactory$1.call (ProviderInternalFactory.java:66)
    at com.google.inject.internal.ProvisionListenerStackCallback$Provision.provision (ProvisionListenerStackCallback.java:112)
    at com.google.inject.internal.ProvisionListenerStackCallback$Provision.provision (ProvisionListenerStackCallback.java:127)
    at com.google.inject.internal.ProvisionListenerStackCallback.provision (ProvisionListenerStackCallback.java:66)
    at com.google.inject.internal.ProviderInternalFactory.circularGet (ProviderInternalFactory.java:61)
    at com.google.inject.internal.InternalFactoryToInitializableAdapter.get (InternalFactoryToInitializableAdapter.java:47)
    at com.google.inject.internal.InjectorImpl$1.get (InjectorImpl.java:1050)
    at org.eclipse.sisu.inject.Guice4$1.get (Guice4.java:162)
    at org.eclipse.sisu.inject.LazyBeanEntry.getValue (LazyBeanEntry.java:81)
    at org.eclipse.sisu.plexus.LazyPlexusBean.getValue (LazyPlexusBean.java:51)
    at org.codehaus.plexus.DefaultPlexusContainer.lookup (DefaultPlexusContainer.java:263)
    at org.codehaus.plexus.DefaultPlexusContainer.lookup (DefaultPlexusContainer.java:255)
    at org.apache.maven.plugin.internal.DefaultMavenPluginManager.getConfiguredMojo (DefaultMavenPluginManager.java:520)
    at org.apache.maven.plugin.DefaultBuildPluginManager.executeMojo (DefaultBuildPluginManager.java:124)
    at org.apache.maven.lifecycle.internal.MojoExecutor.execute (MojoExecutor.java:210)
    at org.apache.maven.lifecycle.internal.MojoExecutor.execute (MojoExecutor.java:156)
    at org.apache.maven.lifecycle.internal.MojoExecutor.execute (MojoExecutor.java:148)
    at org.apache.maven.lifecycle.internal.LifecycleModuleBuilder.buildProject (LifecycleModuleBuilder.java:117)
    at org.apache.maven.lifecycle.internal.LifecycleModuleBuilder.buildProject (LifecycleModuleBuilder.java:81)
    at org.apache.maven.lifecycle.internal.builder.singlethreaded.SingleThreadedBuilder.build (SingleThreadedBuilder.java:56)
    at org.apache.maven.lifecycle.internal.LifecycleStarter.execute (LifecycleStarter.java:128)
    at org.apache.maven.DefaultMaven.doExecute (DefaultMaven.java:305)
    at org.apache.maven.DefaultMaven.doExecute (DefaultMaven.java:192)
    at org.apache.maven.DefaultMaven.execute (DefaultMaven.java:105)
    at org.apache.maven.cli.MavenCli.execute (MavenCli.java:957)
    at org.apache.maven.cli.MavenCli.doMain (MavenCli.java:289)
    at org.apache.maven.cli.MavenCli.main (MavenCli.java:193)
    at sun.reflect.NativeMethodAccessorImpl.invoke0 (Native Method)
    at sun.reflect.NativeMethodAccessorImpl.invoke (NativeMethodAccessorImpl.java:62)
    at sun.reflect.DelegatingMethodAccessorImpl.invoke (DelegatingMethodAccessorImpl.java:43)
    at java.lang.reflect.Method.invoke (Method.java:498)
    at org.codehaus.plexus.classworlds.launcher.Launcher.launchEnhanced (Launcher.java:282)
    at org.codehaus.plexus.classworlds.launcher.Launcher.launch (Launcher.java:225)
    at org.codehaus.plexus.classworlds.launcher.Launcher.mainWithExitCode (Launcher.java:406)
    at org.codehaus.plexus.classworlds.launcher.Launcher.main (Launcher.java:347)
Caused by: java.lang.ClassNotFoundException: com.google.common.collect.ImmutableList
    at org.codehaus.plexus.classworlds.strategy.SelfFirstStrategy.loadClass (SelfFirstStrategy.java:50)
    at org.codehaus.plexus.classworlds.realm.ClassRealm.unsynchronizedLoadClass (ClassRealm.java:271)
    at org.codehaus.plexus.classworlds.realm.ClassRealm.loadClass (ClassRealm.java:247)
    at org.codehaus.plexus.classworlds.realm.ClassRealm.loadClass (ClassRealm.java:239)
    at java.lang.Class.getDeclaredFields0 (Native Method)
    at java.lang.Class.privateGetDeclaredFields (Class.java:2583)
    at java.lang.Class.getDeclaredFields (Class.java:1916)
    at com.google.inject.spi.InjectionPoint.getDeclaredFields (InjectionPoint.java:760)
    at com.google.inject.spi.InjectionPoint.getInjectionPoints (InjectionPoint.java:670)
    at com.google.inject.spi.InjectionPoint.forInstanceMethodsAndFields (InjectionPoint.java:378)
    at com.google.inject.internal.ConstructorBindingImpl.getInternalDependencies (ConstructorBindingImpl.java:182)
    at com.google.inject.internal.InjectorImpl.getInternalDependencies (InjectorImpl.java:661)
    at com.google.inject.internal.InjectorImpl.cleanup (InjectorImpl.java:617)
    at com.google.inject.internal.InjectorImpl.initializeJitBinding (InjectorImpl.java:603)
    at com.google.inject.internal.InjectorImpl.createJustInTimeBinding (InjectorImpl.java:932)
    at com.google.inject.internal.InjectorImpl.createJustInTimeBindingRecursive (InjectorImpl.java:852)
    at com.google.inject.internal.InjectorImpl.getJustInTimeBinding (InjectorImpl.java:291)
    at com.google.inject.internal.InjectorImpl.getBindingOrThrow (InjectorImpl.java:222)
    at com.google.inject.internal.InjectorImpl.getProviderOrThrow (InjectorImpl.java:1040)
    at com.google.inject.internal.InjectorImpl.getProvider (InjectorImpl.java:1071)
    at com.google.inject.internal.InjectorImpl.getProvider (InjectorImpl.java:1034)
    at com.google.inject.internal.InjectorImpl.getInstance (InjectorImpl.java:1086)
    at org.eclipse.sisu.space.AbstractDeferredClass.get (AbstractDeferredClass.java:48)
    at com.google.inject.internal.ProviderInternalFactory.provision (ProviderInternalFactory.java:85)
    at com.google.inject.internal.InternalFactoryToInitializableAdapter.provision (InternalFactoryToInitializableAdapter.java:57)
    at com.google.inject.internal.ProviderInternalFactory$1.call (ProviderInternalFactory.java:66)
    at com.google.inject.internal.ProvisionListenerStackCallback$Provision.provision (ProvisionListenerStackCallback.java:112)
    at com.google.inject.internal.ProvisionListenerStackCallback$Provision.provision (ProvisionListenerStackCallback.java:127)
    at com.google.inject.internal.ProvisionListenerStackCallback.provision (ProvisionListenerStackCallback.java:66)
    at com.google.inject.internal.ProviderInternalFactory.circularGet (ProviderInternalFactory.java:61)
    at com.google.inject.internal.InternalFactoryToInitializableAdapter.get (InternalFactoryToInitializableAdapter.java:47)
    at com.google.inject.internal.InjectorImpl$1.get (InjectorImpl.java:1050)
    at org.eclipse.sisu.inject.Guice4$1.get (Guice4.java:162)
    at org.eclipse.sisu.inject.LazyBeanEntry.getValue (LazyBeanEntry.java:81)
    at org.eclipse.sisu.plexus.LazyPlexusBean.getValue (LazyPlexusBean.java:51)
    at org.codehaus.plexus.DefaultPlexusContainer.lookup (DefaultPlexusContainer.java:263)
    at org.codehaus.plexus.DefaultPlexusContainer.lookup (DefaultPlexusContainer.java:255)
    at org.apache.maven.plugin.internal.DefaultMavenPluginManager.getConfiguredMojo (DefaultMavenPluginManager.java:520)
    at org.apache.maven.plugin.DefaultBuildPluginManager.executeMojo (DefaultBuildPluginManager.java:124)
    at org.apache.maven.lifecycle.internal.MojoExecutor.execute (MojoExecutor.java:210)
    at org.apache.maven.lifecycle.internal.MojoExecutor.execute (MojoExecutor.java:156)
    at org.apache.maven.lifecycle.internal.MojoExecutor.execute (MojoExecutor.java:148)
    at org.apache.maven.lifecycle.internal.LifecycleModuleBuilder.buildProject (LifecycleModuleBuilder.java:117)
    at org.apache.maven.lifecycle.internal.LifecycleModuleBuilder.buildProject (LifecycleModuleBuilder.java:81)
    at org.apache.maven.lifecycle.internal.builder.singlethreaded.SingleThreadedBuilder.build (SingleThreadedBuilder.java:56)
    at org.apache.maven.lifecycle.internal.LifecycleStarter.execute (LifecycleStarter.java:128)
    at org.apache.maven.DefaultMaven.doExecute (DefaultMaven.java:305)
    at org.apache.maven.DefaultMaven.doExecute (DefaultMaven.java:192)
    at org.apache.maven.DefaultMaven.execute (DefaultMaven.java:105)
    at org.apache.maven.cli.MavenCli.execute (MavenCli.java:957)
    at org.apache.maven.cli.MavenCli.doMain (MavenCli.java:289)
    at org.apache.maven.cli.MavenCli.main (MavenCli.java:193)
    at sun.reflect.NativeMethodAccessorImpl.invoke0 (Native Method)
    at sun.reflect.NativeMethodAccessorImpl.invoke (NativeMethodAccessorImpl.java:62)
    at sun.reflect.DelegatingMethodAccessorImpl.invoke (DelegatingMethodAccessorImpl.java:43)
    at java.lang.reflect.Method.invoke (Method.java:498)
    at org.codehaus.plexus.classworlds.launcher.Launcher.launchEnhanced (Launcher.java:282)
    at org.codehaus.plexus.classworlds.launcher.Launcher.launch (Launcher.java:225)
    at org.codehaus.plexus.classworlds.launcher.Launcher.mainWithExitCode (Launcher.java:406)
    at org.codehaus.plexus.classworlds.launcher.Launcher.main (Launcher.java:347)
[INFO] ------------------------------------------------------------------------
[INFO] BUILD FAILURE
[INFO] ------------------------------------------------------------------------
[INFO] Total time:  1.062 s
[INFO] Finished at: 2020-06-25T14:45:36-04:00
[INFO] ------------------------------------------------------------------------
[WARNING] The requested profile "run-its" could not be activated because it does not exist.
[ERROR] Failed to execute goal org.example:verboseTree-maven-plugin:1.1-SNAPSHOT:tree (default-cli) on project tree-verbose: Execution default-cli of goal org.example:verboseTree-maven-plugin:1.1-SNAPSHOT:tree failed: A required class was missing while executing org.example:verboseTree-maven-plugin:1.1-SNAPSHOT:tree: Lcom/google/common/collect/ImmutableList;
[ERROR] -----------------------------------------------------
[ERROR] realm =    plugin>org.example:verboseTree-maven-plugin:1.1-SNAPSHOT
[ERROR] strategy = org.codehaus.plexus.classworlds.strategy.SelfFirstStrategy
[ERROR] urls[0] = file:/C:/Users/ianla/.m2/repository/org/example/verboseTree-maven-plugin/1.1-SNAPSHOT/verboseTree-maven-plugin-1.1-SNAPSHOT.jar
[ERROR] urls[1] = file:/C:/Users/ianla/.m2/repository/org/apache/maven/resolver/maven-resolver-util/1.4.2/maven-resolver-util-1.4.2.jar
[ERROR] urls[2] = file:/C:/Users/ianla/.m2/repository/org/apache/maven/resolver/maven-resolver-connector-basic/1.4.2/maven-resolver-connector-basic-1.4.2.jar
[ERROR] urls[3] = file:/C:/Users/ianla/.m2/repository/org/apache/maven/resolver/maven-resolver-transport-file/1.4.2/maven-resolver-transport-file-1.4.2.jar
[ERROR] urls[4] = file:/C:/Users/ianla/.m2/repository/org/apache/maven/resolver/maven-resolver-transport-http/1.4.2/maven-resolver-transport-http-1.4.2.jar
[ERROR] urls[5] = file:/C:/Users/ianla/.m2/repository/org/apache/httpcomponents/httpclient/4.5.6/httpclient-4.5.6.jar
[ERROR] urls[6] = file:/C:/Users/ianla/.m2/repository/commons-codec/commons-codec/1.10/commons-codec-1.10.jar
[ERROR] urls[7] = file:/C:/Users/ianla/.m2/repository/org/apache/httpcomponents/httpcore/4.4.10/httpcore-4.4.10.jar
[ERROR] urls[8] = file:/C:/Users/ianla/.m2/repository/org/slf4j/jcl-over-slf4j/1.7.25/jcl-over-slf4j-1.7.25.jar
[ERROR] urls[9] = file:/C:/Users/ianla/.m2/repository/commons-io/commons-io/2.6/commons-io-2.6.jar
[ERROR] urls[10] = file:/C:/Users/ianla/.m2/repository/org/codehaus/plexus/plexus-utils/1.1/plexus-utils-1.1.jar
[ERROR] Number of foreign imports: 1
[ERROR] import: Entry[import  from realm ClassRealm[maven.api, parent: null]]
[ERROR] 
[ERROR] -----------------------------------------------------: com.google.common.collect.ImmutableList
[ERROR] -> [Help 1]
[ERROR] 
[ERROR] To see the full stack trace of the errors, re-run Maven with the -e switch.
[ERROR] Re-run Maven using the -X switch to enable full debug logging.
[ERROR] 
[ERROR] For more information about the errors and possible solutions, please read the following articles:
[ERROR] [Help 1] http://cwiki.apache.org/confluence/display/MAVEN/PluginContainerException
Running post-build script: C:\Users\ianla\Maven\cloud-opensource-java\verboseTree-maven-plugin\target\its\tree-verbose\verify.bsh
Basedir is C:\Users\ianla\Maven\cloud-opensource-java\verboseTree-maven-plugin\target\its\tree-verbose
java.io.FileNotFoundException: C:\Users\ianla\Maven\cloud-opensource-java\verboseTree-maven-plugin\target\its\tree-verbose\target\tree.txt (The system cannot find the path specified)
	at java.io.FileInputStream.open0(Native Method)
	at java.io.FileInputStream.open(FileInputStream.java:195)
	at java.io.FileInputStream.<init>(FileInputStream.java:138)
	at org.codehaus.plexus.util.FileUtils.fileRead(FileUtils.java:379)
	at org.codehaus.plexus.util.FileUtils.fileRead(FileUtils.java:355)
	at sun.reflect.NativeMethodAccessorImpl.invoke0(Native Method)
	at sun.reflect.NativeMethodAccessorImpl.invoke(NativeMethodAccessorImpl.java:62)
	at sun.reflect.DelegatingMethodAccessorImpl.invoke(DelegatingMethodAccessorImpl.java:43)
	at java.lang.reflect.Method.invoke(Method.java:498)
	at bsh.Reflect.invokeMethod(Unknown Source)
	at bsh.Reflect.invokeStaticMethod(Unknown Source)
	at bsh.Name.invokeMethod(Unknown Source)
	at bsh.BSHMethodInvocation.eval(Unknown Source)
	at bsh.BSHPrimaryExpression.eval(Unknown Source)
	at bsh.BSHPrimaryExpression.eval(Unknown Source)
	at bsh.BSHVariableDeclarator.eval(Unknown Source)
	at bsh.BSHTypedVariableDeclaration.eval(Unknown Source)
	at bsh.Interpreter.eval(Unknown Source)
	at bsh.Interpreter.eval(Unknown Source)
	at bsh.Interpreter.eval(Unknown Source)
	at org.apache.maven.shared.scriptinterpreter.BeanShellScriptInterpreter.evaluateScript(BeanShellScriptInterpreter.java:116)
	at org.apache.maven.shared.scriptinterpreter.ScriptRunner.executeRun(ScriptRunner.java:256)
	at org.apache.maven.shared.scriptinterpreter.ScriptRunner.run(ScriptRunner.java:180)
	at org.apache.maven.plugins.invoker.AbstractInvokerMojo.runPostBuildHook(AbstractInvokerMojo.java:2163)
	at org.apache.maven.plugins.invoker.AbstractInvokerMojo.runBuild(AbstractInvokerMojo.java:2134)
	at org.apache.maven.plugins.invoker.AbstractInvokerMojo.runBuild(AbstractInvokerMojo.java:1671)
	at org.apache.maven.plugins.invoker.AbstractInvokerMojo.runBuilds(AbstractInvokerMojo.java:1379)
	at org.apache.maven.plugins.invoker.AbstractInvokerMojo.execute(AbstractInvokerMojo.java:791)
	at org.apache.maven.plugin.DefaultBuildPluginManager.executeMojo(DefaultBuildPluginManager.java:137)
	at org.apache.maven.lifecycle.internal.MojoExecutor.execute(MojoExecutor.java:210)
	at org.apache.maven.lifecycle.internal.MojoExecutor.execute(MojoExecutor.java:156)
	at org.apache.maven.lifecycle.internal.MojoExecutor.execute(MojoExecutor.java:148)
	at org.apache.maven.lifecycle.internal.LifecycleModuleBuilder.buildProject(LifecycleModuleBuilder.java:117)
	at org.apache.maven.lifecycle.internal.LifecycleModuleBuilder.buildProject(LifecycleModuleBuilder.java:81)
	at org.apache.maven.lifecycle.internal.builder.singlethreaded.SingleThreadedBuilder.build(SingleThreadedBuilder.java:56)
	at org.apache.maven.lifecycle.internal.LifecycleStarter.execute(LifecycleStarter.java:128)
	at org.apache.maven.DefaultMaven.doExecute(DefaultMaven.java:305)
	at org.apache.maven.DefaultMaven.doExecute(DefaultMaven.java:192)
	at org.apache.maven.DefaultMaven.execute(DefaultMaven.java:105)
	at org.apache.maven.cli.MavenCli.execute(MavenCli.java:957)
	at org.apache.maven.cli.MavenCli.doMain(MavenCli.java:289)
	at org.apache.maven.cli.MavenCli.main(MavenCli.java:193)
	at sun.reflect.NativeMethodAccessorImpl.invoke0(Native Method)
	at sun.reflect.NativeMethodAccessorImpl.invoke(NativeMethodAccessorImpl.java:62)
	at sun.reflect.DelegatingMethodAccessorImpl.invoke(DelegatingMethodAccessorImpl.java:43)
	at java.lang.reflect.Method.invoke(Method.java:498)
	at org.codehaus.plexus.classworlds.launcher.Launcher.launchEnhanced(Launcher.java:282)
	at org.codehaus.plexus.classworlds.launcher.Launcher.launch(Launcher.java:225)
	at org.codehaus.plexus.classworlds.launcher.Launcher.mainWithExitCode(Launcher.java:406)
	at org.codehaus.plexus.classworlds.launcher.Launcher.main(Launcher.java:347)
